Turbo Assembler	 Version 2.51	     02/17/22 17:17:01	    Page 1
laba_1_2.ASM



      1				     ;Program Hello_1– Ваша первая программа
      2	0000			     Data SEGMENT
      3	0000  4D 79 20 6E 61 6D	65+  Greet DB 'My name is Sumin	Nikita', 13, 10, 'My group IST-93', 13,	10, '$'
      4	      20 69 73 20 53 75	6D+
      5	      69 6E 20 4E 69 6B	69+
      6	      74 61 0D 0A 4D 79	20+
      7	      67 72 6F 75 70 20	49+
      8	      53 54 2D 39 33 0D	0A+
      9	      24
     10	002B			     Data ENDS ;Закрыть сегмент данных
     11	0000			     Ourstack SEGMENT Stack ;Открыть сегмент стека
     12	0000  0100*(??)		     DB	100h DUP (?) ;Отвести под стек 256 байт
     13	0100			     Ourstack ENDS ;Закрыть сегмент стека
     14				     ASSUME CS:Code, DS:Data, SS:Ourstack ;Назначить сегментные ;регистры
     15
     16	0000			     Code SEGMENT ;Открыть сегмент кодов
     17	0000			     Start:
     18	0000  B8 0000s			 mov AX, Data ;Инициализировать
     19	0003  8E D8			 mov DS, AX ;сегментный регистр DS
     20	0005  B4 09			 mov AH, 09h ;Вывести строку Greet
     21	0007  BA 0000r			 mov DX, OFFSET	Greet ;на экран с помощью
     22	000A  CD 21			 int 21h ;DOS
     23	000C  B0 00			 mov AL, 0 ;Завершить программу
     24	000E  B4 4C			 mov AH, 4Ch ;с помощью
     25	0010  CD 21			 int 21h ;DOS
     26	0012			     Code ENDS ;Закрыть сегмент кодов
     27					 END Start ;Конец исходного модуля
